2024-12-08 20:40:36.105 [main] INFO  testCases.TC002_LogInToMyAccount - <------The Test case is started ------>
2024-12-08 20:40:36.132 [main] INFO  testCases.TC002_LogInToMyAccount - Click on My account dropdown
2024-12-08 20:40:36.431 [main] INFO  testCases.TC002_LogInToMyAccount - Select Log In button
2024-12-08 20:40:37.178 [main] INFO  testCases.TC002_LogInToMyAccount - Enter Login mail id
2024-12-08 20:40:37.415 [main] INFO  testCases.TC002_LogInToMyAccount - Enter Login Password
2024-12-08 20:40:37.555 [main] INFO  testCases.TC002_LogInToMyAccount - Click on Log in Button
2024-12-08 20:40:38.274 [main] INFO  testCases.TC002_LogInToMyAccount - Validate My account page
2024-12-08 20:40:38.275 [main] INFO  testCases.TC002_LogInToMyAccount - Validated My account page
2024-12-08 20:40:38.690 [main] INFO  testCases.TC002_LogInToMyAccount - <------The Test case is Completed ------>
2024-12-08 20:42:21.074 [main] INFO  testCases.TC002_LogInToMyAccount - <------The Test case is started ------>
2024-12-08 20:42:21.140 [main] INFO  testCases.TC002_LogInToMyAccount - Click on My account dropdown
2024-12-08 20:42:21.415 [main] INFO  testCases.TC002_LogInToMyAccount - Select Log In button
2024-12-08 20:42:21.955 [main] INFO  testCases.TC002_LogInToMyAccount - Enter Login mail id
2024-12-08 20:42:22.241 [main] INFO  testCases.TC002_LogInToMyAccount - Enter Login Password
2024-12-08 20:42:22.435 [main] INFO  testCases.TC002_LogInToMyAccount - Click on Log in Button
2024-12-08 20:42:23.291 [main] INFO  testCases.TC002_LogInToMyAccount - Validate My account page
2024-12-08 20:42:23.291 [main] INFO  testCases.TC002_LogInToMyAccount - Validated My account page
2024-12-08 20:42:23.700 [main] INFO  testCases.TC002_LogInToMyAccount - <------The Test case is Completed ------>
2024-12-08 20:44:16.882 [main] INFO  testCases.TC002_LogInToMyAccount - <------The Test case is started ------>
2024-12-08 20:44:16.958 [main] INFO  testCases.TC002_LogInToMyAccount - Click on My account dropdown
2024-12-08 20:44:17.194 [main] INFO  testCases.TC002_LogInToMyAccount - Select Log In button
2024-12-08 20:44:17.726 [main] INFO  testCases.TC002_LogInToMyAccount - Enter Login mail id
2024-12-08 20:44:18.019 [main] INFO  testCases.TC002_LogInToMyAccount - Enter Login Password
2024-12-08 20:44:18.157 [main] INFO  testCases.TC002_LogInToMyAccount - Click on Log in Button
2024-12-08 20:44:18.727 [main] INFO  testCases.TC002_LogInToMyAccount - Validate My account page
2024-12-08 20:44:18.728 [main] INFO  testCases.TC002_LogInToMyAccount - Validated My account page
2024-12-08 20:44:19.071 [main] INFO  testCases.TC002_LogInToMyAccount - <------The Test case is Completed ------>
2024-12-08 20:44:39.202 [main] INFO  testCases.TC001_AccountRegistration_Test - <-----The script started from here----->
2024-12-08 20:44:39.263 [main] INFO  testCases.TC001_AccountRegistration_Test - Click My account drop down
2024-12-08 20:44:39.449 [main] INFO  testCases.TC001_AccountRegistration_Test - Clicked on My account drop down
2024-12-08 20:44:39.450 [main] INFO  testCases.TC001_AccountRegistration_Test - Select Register account from drop down
2024-12-08 20:44:39.907 [main] INFO  testCases.TC001_AccountRegistration_Test - Selected Register account from drop down
2024-12-08 20:44:39.919 [main] INFO  testCases.TC001_AccountRegistration_Test - Enter customer details
2024-12-08 20:44:40.725 [main] INFO  testCases.TC001_AccountRegistration_Test - Entered customer details
2024-12-08 20:44:40.726 [main] INFO  testCases.TC001_AccountRegistration_Test - Click on continue button
2024-12-08 20:44:40.793 [main] INFO  testCases.TC001_AccountRegistration_Test - Clicked on continue button
2024-12-08 20:44:40.794 [main] INFO  testCases.TC001_AccountRegistration_Test - Validate the confirmation message
2024-12-08 20:44:41.418 [main] INFO  testCases.TC001_AccountRegistration_Test - Validated the confirmation message
2024-12-08 20:44:41.419 [main] INFO  testCases.TC001_AccountRegistration_Test - <-----The script ends here----->
2024-12-08 21:32:13.086 [main] INFO  testCases.TC001_AccountRegistration_Test - <-----The script started from here----->
2024-12-08 21:32:13.156 [main] INFO  testCases.TC001_AccountRegistration_Test - Click My account drop down
2024-12-08 21:32:13.441 [main] INFO  testCases.TC001_AccountRegistration_Test - Clicked on My account drop down
2024-12-08 21:32:13.442 [main] INFO  testCases.TC001_AccountRegistration_Test - Select Register account from drop down
2024-12-08 21:32:13.982 [main] INFO  testCases.TC001_AccountRegistration_Test - Selected Register account from drop down
2024-12-08 21:32:13.988 [main] INFO  testCases.TC001_AccountRegistration_Test - Enter customer details
2024-12-08 21:32:14.817 [main] INFO  testCases.TC001_AccountRegistration_Test - Entered customer details
2024-12-08 21:32:14.818 [main] INFO  testCases.TC001_AccountRegistration_Test - Click on continue button
2024-12-08 21:32:14.884 [main] INFO  testCases.TC001_AccountRegistration_Test - Clicked on continue button
