2024-11-29 09:37:28.908 [main] INFO  testCases.TC001_AccountRegistration_Test - <-----The script started from here----->
2024-11-29 09:37:28.999 [main] INFO  testCases.TC001_AccountRegistration_Test - Click My account drop down
2024-11-29 09:37:29.351 [main] INFO  testCases.TC001_AccountRegistration_Test - Clicked on My account drop down
2024-11-29 09:37:29.352 [main] INFO  testCases.TC001_AccountRegistration_Test - Select Register account from drop down
2024-11-29 09:37:29.897 [main] INFO  testCases.TC001_AccountRegistration_Test - Selected Register account from drop down
2024-11-29 09:37:29.913 [main] INFO  testCases.TC001_AccountRegistration_Test - Enter customer details
2024-11-29 09:37:30.716 [main] INFO  testCases.TC001_AccountRegistration_Test - Entered customer details
2024-11-29 09:37:30.717 [main] INFO  testCases.TC001_AccountRegistration_Test - Click on continue button
2024-11-29 09:37:30.780 [main] ERROR testCases.TC001_AccountRegistration_Test - The scripts got failed
2024-11-29 09:37:30.783 [main] ERROR testCases.TC001_AccountRegistration_Test - invalid selector
from javascript error: {"status":32,"value":"Unable to locate an element with the xpath expression //button[normalize-space()='Continue']// because of the following error:\nSyntaxError: Failed to execute 'evaluate' on 'Document': The string '//button[normalize-space()='Continue']//' is not a valid XPath expression."}
  (Session info: chrome=131.0.6778.86)
For documentation on this error, please visit: https://www.selenium.dev/documentation/webdriver/troubleshooting/errors#invalid-selector-exception
Build info: version: '4.27.0', revision: 'd6e718d134'
System info: os.name: 'Windows 11', os.arch: 'amd64', os.version: '10.0', java.version: '22.0.2'
Driver info: org.openqa.selenium.chrome.ChromeDriver
Command: [cc2712bf6b310f735f8f118aa644c509, findElement {value=//button[normalize-space()='Continue']//, using=xpath}]
Capabilities {acceptInsecureCerts: false, browserName: chrome, browserVersion: 131.0.6778.86, chrome: {chromedriverVersion: 131.0.6778.85 (3d81e41b6f3a..., userDataDir: C:\Users\kiran\AppData\Loca...}, fedcm:accounts: true, goog:chromeOptions: {debuggerAddress: localhost:50687}, networkConnectionEnabled: false, pageLoadStrategy: normal, platformName: windows, proxy: Proxy(), se:cdp: ws://localhost:50687/devtoo..., se:cdpVersion: 131.0.6778.86, setWindowRect: true, strictFileInteractability: false, timeouts: {implicit: 0, pageLoad: 300000, script: 30000}, unhandledPromptBehavior: dismiss and notify, webauthn:extension:credBlob: true, webauthn:extension:largeBlob: true, webauthn:extension:minPinLength: true, webauthn:extension:prf: true, webauthn:virtualAuthenticators: true}
Session ID: cc2712bf6b310f735f8f118aa644c509
2024-11-29 09:48:59.391 [main] INFO  testCases.TC001_AccountRegistration_Test - <-----The script started from here----->
2024-11-29 09:48:59.462 [main] INFO  testCases.TC001_AccountRegistration_Test - Click My account drop down
2024-11-29 09:48:59.755 [main] INFO  testCases.TC001_AccountRegistration_Test - Clicked on My account drop down
2024-11-29 09:48:59.759 [main] INFO  testCases.TC001_AccountRegistration_Test - Select Register account from drop down
2024-11-29 09:49:00.225 [main] INFO  testCases.TC001_AccountRegistration_Test - Selected Register account from drop down
2024-11-29 09:49:00.230 [main] INFO  testCases.TC001_AccountRegistration_Test - Enter customer details
2024-11-29 09:49:00.964 [main] INFO  testCases.TC001_AccountRegistration_Test - Entered customer details
2024-11-29 09:49:00.965 [main] INFO  testCases.TC001_AccountRegistration_Test - Click on continue button
2024-11-29 09:49:01.037 [main] INFO  testCases.TC001_AccountRegistration_Test - Clicked on continue button
2024-11-29 09:49:01.039 [main] INFO  testCases.TC001_AccountRegistration_Test - Validate the confirmation message
2024-11-29 09:49:01.529 [main] ERROR testCases.TC001_AccountRegistration_Test - The validation got failed
2024-11-29 09:50:14.971 [main] INFO  testCases.TC001_AccountRegistration_Test - <-----The script started from here----->
2024-11-29 09:50:15.048 [main] INFO  testCases.TC001_AccountRegistration_Test - Click My account drop down
2024-11-29 09:50:15.454 [main] INFO  testCases.TC001_AccountRegistration_Test - Clicked on My account drop down
2024-11-29 09:50:15.488 [main] INFO  testCases.TC001_AccountRegistration_Test - Select Register account from drop down
2024-11-29 09:50:16.034 [main] INFO  testCases.TC001_AccountRegistration_Test - Selected Register account from drop down
2024-11-29 09:50:16.039 [main] INFO  testCases.TC001_AccountRegistration_Test - Enter customer details
2024-11-29 09:50:16.753 [main] INFO  testCases.TC001_AccountRegistration_Test - Entered customer details
2024-11-29 09:50:16.756 [main] INFO  testCases.TC001_AccountRegistration_Test - Click on continue button
2024-11-29 09:50:16.811 [main] ERROR testCases.TC001_AccountRegistration_Test - The scripts got failed
2024-11-29 09:50:16.817 [main] ERROR testCases.TC001_AccountRegistration_Test - invalid selector
from javascript error: {"status":32,"value":"Unable to locate an element with the xpath expression //button[normalize-space()='Continue']/ because of the following error:\nSyntaxError: Failed to execute 'evaluate' on 'Document': The string '//button[normalize-space()='Continue']/' is not a valid XPath expression."}
  (Session info: chrome=131.0.6778.86)
For documentation on this error, please visit: https://www.selenium.dev/documentation/webdriver/troubleshooting/errors#invalid-selector-exception
Build info: version: '4.27.0', revision: 'd6e718d134'
System info: os.name: 'Windows 11', os.arch: 'amd64', os.version: '10.0', java.version: '22.0.2'
Driver info: org.openqa.selenium.chrome.ChromeDriver
Command: [a5e32fdd3947e0cb28f52eecef11661e, findElement {value=//button[normalize-space()='Continue']/, using=xpath}]
Capabilities {acceptInsecureCerts: false, browserName: chrome, browserVersion: 131.0.6778.86, chrome: {chromedriverVersion: 131.0.6778.85 (3d81e41b6f3a..., userDataDir: C:\Users\kiran\AppData\Loca...}, fedcm:accounts: true, goog:chromeOptions: {debuggerAddress: localhost:50766}, networkConnectionEnabled: false, pageLoadStrategy: normal, platformName: windows, proxy: Proxy(), se:cdp: ws://localhost:50766/devtoo..., se:cdpVersion: 131.0.6778.86, setWindowRect: true, strictFileInteractability: false, timeouts: {implicit: 0, pageLoad: 300000, script: 30000}, unhandledPromptBehavior: dismiss and notify, webauthn:extension:credBlob: true, webauthn:extension:largeBlob: true, webauthn:extension:minPinLength: true, webauthn:extension:prf: true, webauthn:virtualAuthenticators: true}
Session ID: a5e32fdd3947e0cb28f52eecef11661e
