2024-12-09 01:45:36.597 [TestNG-tests-2] INFO  testCases.TC001_AccountRegistration_Test - Select Register account from drop down
2024-12-09 01:45:36.774 [TestNG-tests-1] INFO  testCases.TC001_AccountRegistration_Test - Clicked on My account drop down
2024-12-09 01:45:36.774 [TestNG-tests-1] INFO  testCases.TC001_AccountRegistration_Test - Select Register account from drop down
2024-12-09 01:45:46.886 [TestNG-tests-2] ERROR testCases.TC001_AccountRegistration_Test - The script got failed
2024-12-09 01:45:46.892 [TestNG-tests-2] ERROR testCases.TC001_AccountRegistration_Test - element not interactable
  (Session info: MicrosoftEdge=131.0.2903.86)
Build info: version: '4.27.0', revision: 'd6e718d134'
System info: os.name: 'Windows 11', os.arch: 'amd64', os.version: '10.0', java.version: '22.0.2'
Driver info: org.openqa.selenium.remote.RemoteWebDriver
Command: [5e94a10255b3a56efafdd8500a660b3c, clickElement {id=f.2B437295C0A9C8E6AA77736E15C55987.d.918CC49C6CD9DA5CB9B4F66159B17982.e.72}]
Capabilities {acceptInsecureCerts: false, browserName: MicrosoftEdge, browserVersion: 131.0.2903.86, fedcm:accounts: true, ms:edgeOptions: {debuggerAddress: localhost:63314}, msedge: {msedgedriverVersion: 131.0.2903.86 (cf5bf303997c..., userDataDir: C:\Users\kiran\AppData\Loca...}, networkConnectionEnabled: false, pageLoadStrategy: normal, platformName: Windows 11, proxy: Proxy(), se:bidiEnabled: false, se:cdp: ws://192.168.1.49:4444/sess..., se:cdpVersion: 131.0.2903.86, setWindowRect: true, strictFileInteractability: false, timeouts: {implicit: 0, pageLoad: 300000, script: 30000}, unhandledPromptBehavior: dismiss and notify, webauthn:extension:credBlob: true, webauthn:extension:largeBlob: true, webauthn:extension:minPinLength: true, webauthn:extension:prf: true, webauthn:virtualAuthenticators: true}
Element: [[RemoteWebDriver: MicrosoftEdge on Windows 11 (5e94a10255b3a56efafdd8500a660b3c)] -> xpath: //a[text()='Register']]
Session ID: 5e94a10255b3a56efafdd8500a660b3c
2024-12-09 01:45:56.957 [TestNG-tests-1] ERROR testCases.TC001_AccountRegistration_Test - The script got failed
2024-12-09 01:45:56.960 [TestNG-tests-1] ERROR testCases.TC001_AccountRegistration_Test - element not interactable
  (Session info: MicrosoftEdge=131.0.2903.86)
Build info: version: '4.27.0', revision: 'd6e718d134'
System info: os.name: 'Windows 11', os.arch: 'amd64', os.version: '10.0', java.version: '22.0.2'
Driver info: org.openqa.selenium.remote.RemoteWebDriver
Command: [5e94a10255b3a56efafdd8500a660b3c, clickElement {id=f.2B437295C0A9C8E6AA77736E15C55987.d.918CC49C6CD9DA5CB9B4F66159B17982.e.72}]
Capabilities {acceptInsecureCerts: false, browserName: MicrosoftEdge, browserVersion: 131.0.2903.86, fedcm:accounts: true, ms:edgeOptions: {debuggerAddress: localhost:63314}, msedge: {msedgedriverVersion: 131.0.2903.86 (cf5bf303997c..., userDataDir: C:\Users\kiran\AppData\Loca...}, networkConnectionEnabled: false, pageLoadStrategy: normal, platformName: Windows 11, proxy: Proxy(), se:bidiEnabled: false, se:cdp: ws://192.168.1.49:4444/sess..., se:cdpVersion: 131.0.2903.86, setWindowRect: true, strictFileInteractability: false, timeouts: {implicit: 0, pageLoad: 300000, script: 30000}, unhandledPromptBehavior: dismiss and notify, webauthn:extension:credBlob: true, webauthn:extension:largeBlob: true, webauthn:extension:minPinLength: true, webauthn:extension:prf: true, webauthn:virtualAuthenticators: true}
Element: [[RemoteWebDriver: MicrosoftEdge on Windows 11 (5e94a10255b3a56efafdd8500a660b3c)] -> xpath: //a[text()='Register']]
Session ID: 5e94a10255b3a56efafdd8500a660b3c
2024-12-09 01:46:12.219 [TestNG-tests-1] INFO  testCases.TC002_LogInToMyAccount - <------The Test case is started ------>
2024-12-09 01:46:12.220 [TestNG-tests-1] INFO  testCases.TC002_LogInToMyAccount - Click on My account dropdown
2024-12-09 01:46:12.953 [TestNG-tests-2] INFO  testCases.TC002_LogInToMyAccount - <------The Test case is started ------>
2024-12-09 01:46:12.961 [TestNG-tests-2] INFO  testCases.TC002_LogInToMyAccount - Click on My account dropdown
2024-12-09 01:46:13.215 [TestNG-tests-1] INFO  testCases.TC002_LogInToMyAccount - Select Log In button
2024-12-09 01:46:13.429 [TestNG-tests-2] INFO  testCases.TC002_LogInToMyAccount - Select Log In button
2024-12-09 01:46:23.521 [TestNG-tests-1] INFO  testCases.TC002_LogInToMyAccount - <------The Test case is Failed ------>
2024-12-09 01:46:33.891 [TestNG-tests-2] INFO  testCases.TC002_LogInToMyAccount - <------The Test case is Failed ------>
2024-12-09 01:46:44.171 [TestNG-tests-2] INFO  testCases.TC001_AccountRegistration_Test - <-----The script started from here----->
2024-12-09 01:46:44.179 [TestNG-tests-2] INFO  testCases.TC001_AccountRegistration_Test - Click My account drop down
2024-12-09 01:46:44.629 [TestNG-tests-2] INFO  testCases.TC001_AccountRegistration_Test - Clicked on My account drop down
2024-12-09 01:46:44.629 [TestNG-tests-2] INFO  testCases.TC001_AccountRegistration_Test - Select Register account from drop down
